library paths:
... C:/Users/steph/Google Drive/Rapp/SequenceR/R-Portable/App/R-Portable/library
Loading required package: shiny

Listening on http://127.0.0.1:6362
Browser path: "C:/Users/steph/Google Drive/Rapp/SequenceR/GoogleChromePortable/App/Chrome-bin/chrome.exe"
[2040:6808:1201/135317.075:ERROR:cache_util_win.cc(21)] Unable to move the cache: Access is denied. (0x5)
[2040:6808:1201/135317.075:ERROR:cache_util.cc(141)] Unable to move cache folder C:\Users\steph\AppData\Local\Google\Chrome\User Data\ShaderCache\GPUCache to C:\Users\steph\AppData\Local\Google\Chrome\User Data\ShaderCache\old_GPUCache_000
[2040:6808:1201/135317.075:ERROR:disk_cache.cc(178)] Unable to create cache
[2040:6808:1201/135317.075:ERROR:shader_disk_cache.cc(620)] Shader Cache Creation failed: -2
Opening in existing browser session.

SERVER:  MODEL STRUCT
$analysis_alphabet
$analysis_alphabet$x
[1] NA

$analysis_alphabet$xpath
[1] ""


$analysis_subcostmat
$analysis_subcostmat$x
[1] NA

$analysis_subcostmat$xpath
[1] ""


$analysis_data
$analysis_data$x
[1] NA

$analysis_data$xpath
[1] ""


$updated
[1] FALSE

$analysis_dist_settings
$analysis_dist_settings$method
[1] "OM"

$analysis_dist_settings$norm
[1] "none"

$analysis_dist_settings$indel
[1] 1



TraMineR stable version 2.0-12 (Built: 2019-11-07)
Website: http://traminer.unige.ch
Please type 'citation("TraMineR")' for citation information.

 [>] found missing values ('NA') in sequence data
 [>] preparing 3 sequences
 [>] coding void elements with '%' and missing values with '*'
 [>] 6 distinct states appear in the data: 
     1 = A
     2 = B
     3 = C
     4 = D
     5 = E
     6 = J
 [>] state coding:
       [alphabet]  [label]  [long label] 
     1  A           A        A
     2  B           B        B
     3  C           C        C
     4  D           D        D
     5  E           E        E
     6  F           F        F
     7  G           G        G
     8  H           H        H
     9  I           I        I
     10  J           J        J
 [>] 3 sequences in the data set
 [>] min/max sequence length: 2/4
 [>] 3 sequences with 10 distinct states
 [>] checking 'sm' (one value for each state, triangle inequality)
Warning:  [!] at least, one substitution cost doesn't respect the triangle inequality.
 [!] replacing A with I (cost=0.4) and then I with B (cost=0.5)
 [!] costs less than replacing directly A with B (cost=1)
 [!] total difference ([A=>I] + [I=>B] - [A=>B]): -0.1
 [>] 3 distinct sequences
 [>] min/max sequence length: 2/4
 [>] computing distances using the OM metric
 [>] elapsed time: 0 secs
 [>] found missing values ('NA') in sequence data
 [>] preparing 3 sequences
 [>] coding void elements with '%' and missing values with '*'
 [>] 6 distinct states appear in the data: 
     1 = A
     2 = B
     3 = C
     4 = D
     5 = E
     6 = G
 [>] state coding:
       [alphabet]  [label]  [long label] 
     1  A           A        A
     2  B           B        B
     3  C           C        C
     4  D           D        D
     5  E           E        E
     6  F           F        F
     7  G           G        G
     8  H           H        H
     9  I           I        I
     10  J           J        J
 [>] 3 sequences in the data set
 [>] min/max sequence length: 2/6
 [>] 3 sequences with 10 distinct states
 [>] checking 'sm' (one value for each state, triangle inequality)
Warning:  [!] at least, one substitution cost doesn't respect the triangle inequality.
 [!] replacing A with I (cost=0.4) and then I with B (cost=0.5)
 [!] costs less than replacing directly A with B (cost=1)
 [!] total difference ([A=>I] + [I=>B] - [A=>B]): -0.1
 [>] 3 distinct sequences
 [>] min/max sequence length: 2/6
 [>] computing distances using the OM metric
 [>] elapsed time: 0 secs
 [>] found missing values ('NA') in sequence data
 [>] preparing 3 sequences
 [>] coding void elements with '%' and missing values with '*'
 [>] 5 distinct states appear in the data: 
     1 = A
     2 = B
     3 = C
     4 = D
     5 = J
 [>] state coding:
       [alphabet]  [label]  [long label] 
     1  A           A        A
     2  B           B        B
     3  C           C        C
     4  D           D        D
     5  E           E        E
     6  F           F        F
     7  G           G        G
     8  H           H        H
     9  I           I        I
     10  J           J        J
 [>] 3 sequences in the data set
 [>] min/max sequence length: 3/6
 [>] 3 sequences with 10 distinct states
 [>] checking 'sm' (one value for each state, triangle inequality)
Warning:  [!] at least, one substitution cost doesn't respect the triangle inequality.
 [!] replacing A with I (cost=0.4) and then I with B (cost=0.5)
 [!] costs less than replacing directly A with B (cost=1)
 [!] total difference ([A=>I] + [I=>B] - [A=>B]): -0.1
 [>] 3 distinct sequences
 [>] min/max sequence length: 3/6
 [>] computing distances using the OM metric
 [>] elapsed time: 0 secs
$Sequences
$Sequences[[1]]
         Sequence
Coke     A-A-B-E 
Pepsi    C-B-E-J 
DrPepper A-D     

$Sequences[[2]]
         Sequence   
Coke     B-C-A-G-A-B
Pepsi    B-B-C-D-E  
DrPepper D-E        

$Sequences[[3]]
         Sequence   
Coke     B-C-J-A    
Pepsi    C-A-B-D-A-B
DrPepper A-C-C      


$Distances
$Distances[[1]]
         Coke Pepsi DrPepper
Coke      0.0   4.1      7.2
Pepsi     4.1   0.0      7.5
DrPepper  7.2   7.5      0.0

$Distances[[2]]
         Coke Pepsi DrPepper
Coke      0.0   6.4     15.1
Pepsi     6.4   0.0     10.2
DrPepper 15.1  10.2      0.0

$Distances[[3]]
         Coke Pepsi DrPepper
Coke      0.0   8.2      4.5
Pepsi     8.2   0.0     10.9
DrPepper  4.5  10.9      0.0


