library paths:
... C:/Users/steph/Google Drive/Rapp/SequenceR/R-Portable/App/R-Portable/library
Loading required package: shiny
Warning: package 'shinycssloaders' was built under R version 3.6.3
Warning: package 'shinyjqui' was built under R version 3.6.3

Attaching package: 'dplyr'

The following objects are masked from 'package:stats':

    filter, lag

The following objects are masked from 'package:base':

    intersect, setdiff, setequal, union

Warning: jqui_resizabled() will be deprecated, please use jqui_resizable() instead.

Listening on http://127.0.0.1:5787
Browser path: "C:/Users/steph/Google Drive/Rapp/SequenceR/GoogleChromePortable/App/Chrome-bin/chrome.exe"
[1856:22812:0414/193315.375:ERROR:cache_util_win.cc(21)] Unable to move the cache: Access is denied. (0x5)
[1856:22812:0414/193315.376:ERROR:cache_util.cc(141)] Unable to move cache folder C:\Users\steph\AppData\Local\Google\Chrome\User Data\ShaderCache\GPUCache to C:\Users\steph\AppData\Local\Google\Chrome\User Data\ShaderCache\old_GPUCache_000
[1856:22812:0414/193315.376:ERROR:disk_cache.cc(178)] Unable to create cache
[1856:22812:0414/193315.376:ERROR:shader_disk_cache.cc(620)] Shader Cache Creation failed: -2
Opening in existing browser session.

SERVER:  MODEL STRUCT
$analysis_alphabet
$analysis_alphabet$x
[1] NA

$analysis_alphabet$xpath
[1] ""

$analysis_alphabet$varnamemap
[1] NA


$analysis_subcostmat
$analysis_subcostmat$x
[1] NA

$analysis_subcostmat$xpath
[1] ""


$analysis_data
$analysis_data$x
[1] NA

$analysis_data$xpath
[1] ""


$updated
[1] FALSE

$analysis_dist_settings
$analysis_dist_settings$method
[1] "OM"

$analysis_dist_settings$norm
[1] "none"

$analysis_dist_settings$indel
[1] 1


Warning in read.table(file = file, header = header, sep = sep, quote = quote,  :
  invalid input found on input connection 'C:\Users\steph\AppData\Local\Temp\Rtmp8UewBC/c26e04ec41026bdf734d94b1/0.csv'
Warning in read.table(file = file, header = header, sep = sep, quote = quote,  :
  incomplete final line found by readTableHeader on 'C:\Users\steph\AppData\Local\Temp\Rtmp8UewBC/c26e04ec41026bdf734d94b1/0.csv'
Warning in read.table(file = file, header = header, sep = sep, quote = quote,  :
  invalid input found on input connection 'C:\Users\steph\AppData\Local\Temp\Rtmp8UewBC/c26e04ec41026bdf734d94b1/0.csv'
Warning in read.table(file = file, header = header, sep = sep, quote = quote,  :
  incomplete final line found by readTableHeader on 'C:\Users\steph\AppData\Local\Temp\Rtmp8UewBC/c26e04ec41026bdf734d94b1/0.csv'
